  [1m[36m (1.2ms)[0m  [1mCREATE TABLE "schema_migrations" ("version" varchar NOT NULL) [0m
  [1m[35m (0.0ms)[0m  select sqlite_version(*)
  [1m[36m (1.0ms)[0m  [1mCREATE UNIQUE INDEX "unique_schema_migrations" ON "schema_migrations" ("version")[0m
  [1m[35mActiveRecord::SchemaMigration Load (0.1ms)[0m  SELECT "schema_migrations".* FROM "schema_migrations"
  [1m[36mActiveRecord::SchemaMigration Load (0.1ms)[0m  [1mSELECT "schema_migrations".* FROM "schema_migrations"[0m
Migrating to CreatePosts (20151230232412)
  [1m[35m (0.1ms)[0m  begin transaction
  [1m[36m (0.4ms)[0m  [1mCREATE TABLE "posts" ("id" INTEGER PRIMARY KEY AUTOINCREMENT NOT NULL, "title" varchar, "description" text, "created_at" datetime NOT NULL, "updated_at" datetime NOT NULL) [0m
  [1m[35mSQL (0.2ms)[0m  INSERT INTO "schema_migrations" ("version") VALUES (?)  [["version", "20151230232412"]]
  [1m[36m (1.3ms)[0m  [1mcommit transaction[0m
  [1m[35mActiveRecord::SchemaMigration Load (0.1ms)[0m  SELECT "schema_migrations".* FROM "schema_migrations"


Started GET "/posts/new" for ::1 at 2015-12-31 13:44:56 -0600
  [1m[36mActiveRecord::SchemaMigration Load (0.1ms)[0m  [1mSELECT "schema_migrations".* FROM "schema_migrations"[0m
Processing by PostsController#new as HTML
  Rendered posts/new.html.erb within layouts/application (2.1ms)
Completed 200 OK in 347ms (Views: 326.8ms | ActiveRecord: 0.2ms)


Started GET "/assets/application.self-e80e8f2318043e8af94dddc2adad5a4f09739a8ebb323b3ab31cd71d45fd9113.css?body=1" for ::1 at 2015-12-31 13:44:57 -0600


Started GET "/assets/application.self-3b8dabdc891efe46b9a144b400ad69e37d7e5876bdc39dee783419a69d7ca819.js?body=1" for ::1 at 2015-12-31 13:44:57 -0600


Started POST "/posts" for ::1 at 2015-12-31 13:45:03 -0600
Processing by PostsController#create as HTML
  Parameters: {"utf8"=>"✓", "authenticity_token"=>"mFCuNJP5reOW19phdr4zXRLzOMo4NZQ3wneiVR+RO/+owIoDiOxh24iHKkZ7DGazxbSIoRmvIOmJgA4gog1sGg==", "title"=>"Rails Introduction Quiz", "description"=>"asdfasdf", "commit"=>"Submit Post"}
  [1m[35m (0.1ms)[0m  begin transaction
  [1m[36mSQL (0.4ms)[0m  [1mINSERT INTO "posts" ("title", "description", "created_at", "updated_at") VALUES (?, ?, ?, ?)[0m  [["title", "Rails Introduction Quiz"], ["description", "asdfasdf"], ["created_at", "2015-12-31 19:45:03.614973"], ["updated_at", "2015-12-31 19:45:03.614973"]]
  [1m[35m (1.2ms)[0m  commit transaction
Redirected to http://localhost:3000/posts/1
Completed 302 Found in 22ms (ActiveRecord: 1.7ms)


Started GET "/posts/1" for ::1 at 2015-12-31 13:45:03 -0600
Processing by PostsController#show as HTML
  Parameters: {"id"=>"1"}
  [1m[36mPost Load (0.2ms)[0m  [1mSELECT  "posts".* FROM "posts" WHERE "posts"."id" = ? LIMIT 1[0m  [["id", 1]]
  Rendered posts/show.html.erb within layouts/application (0.4ms)
Completed 200 OK in 27ms (Views: 10.4ms | ActiveRecord: 0.2ms)
  [1m[35m (1.0ms)[0m  [1m[36mbegin transaction[0m
  [1m[35mSQL (7.6ms)[0m  [1m[32mINSERT INTO "posts" ("title", "description", "created_at", "updated_at") VALUES (?, ?, ?, ?)[0m  [["title", "Title Goes Here"], ["description", "Desc goes here..."], ["created_at", "2020-10-07 02:48:49.785696"], ["updated_at", "2020-10-07 02:48:49.785696"]]
  [1m[35m (4.1ms)[0m  [1m[36mcommit transaction[0m
Started GET "/" for ::1 at 2020-10-06 22:57:47 -0400
  [1m[36mActiveRecord::SchemaMigration Load (0.2ms)[0m  [1m[34mSELECT "schema_migrations".* FROM "schema_migrations"[0m
Processing by Rails::WelcomeController#index as HTML
  Parameters: {"internal"=>true}
  Rendering /Users/frankraccoon/.rvm/gems/ruby-2.6.1/gems/railties-5.0.7.2/lib/rails/templates/rails/welcome/index.html.erb
  Rendered /Users/frankraccoon/.rvm/gems/ruby-2.6.1/gems/railties-5.0.7.2/lib/rails/templates/rails/welcome/index.html.erb (12.7ms)
Completed 200 OK in 209ms (Views: 52.5ms | ActiveRecord: 0.0ms)


Started GET "/posts" for ::1 at 2020-10-06 22:57:55 -0400
Processing by PostsController#index as HTML
  Rendering posts/index.html.erb within layouts/application
  [1m[36mPost Load (0.6ms)[0m  [1m[34mSELECT "posts".* FROM "posts"[0m
  Rendered posts/index.html.erb within layouts/application (23.8ms)
Completed 200 OK in 1203ms (Views: 1190.5ms | ActiveRecord: 3.8ms)


Started GET "/posts/new" for ::1 at 2020-10-06 22:57:57 -0400
Processing by PostsController#new as HTML
  Rendering posts/new.html.erb within layouts/application
  Rendered posts/new.html.erb within layouts/application (18.9ms)
Completed 200 OK in 163ms (Views: 117.0ms | ActiveRecord: 0.0ms)


Started POST "/posts" for ::1 at 2020-10-06 22:58:27 -0400
Processing by PostsController#create as HTML
  Parameters: {"utf8"=>"✓", "authenticity_token"=>"iMyZWxlb49MF0vaTS/fmwr5Z29jyL8DYduyt0EzGbCrb926LUKspmtJasTY0ZnpSRsbez6iB4djkH5SSws8ZEA==", "title"=>"Test Post 1", "description"=>"Did it work?", "commit"=>"Submit Post"}
  [1m[35m (4.2ms)[0m  [1m[36mbegin transaction[0m
  [1m[35mSQL (76.3ms)[0m  [1m[32mINSERT INTO "posts" ("title", "description", "created_at", "updated_at") VALUES (?, ?, ?, ?)[0m  [["title", "Test Post 1"], ["description", "Did it work?"], ["created_at", "2020-10-07 02:58:28.137013"], ["updated_at", "2020-10-07 02:58:28.137013"]]
  [1m[35m (39.3ms)[0m  [1m[36mcommit transaction[0m
No template found for PostsController#create, rendering head :no_content
Completed 204 No Content in 847ms (ActiveRecord: 119.8ms)


  [1m[36mPost Load (3.9ms)[0m  [1m[34mSELECT  "posts".* FROM "posts" ORDER BY "posts"."id" DESC LIMIT ?[0m  [["LIMIT", 1]]
Started GET "/posts/new" for ::1 at 2020-10-06 23:01:45 -0400
Processing by PostsController#new as HTML
  Rendering posts/new.html.erb within layouts/application
  Rendered posts/new.html.erb within layouts/application (6.0ms)
Completed 200 OK in 428ms (Views: 265.3ms | ActiveRecord: 26.6ms)


Started POST "/posts" for ::1 at 2020-10-06 23:01:56 -0400
Processing by PostsController#create as HTML
  Parameters: {"utf8"=>"✓", "authenticity_token"=>"LCcwNS0JC7XXMICvLUZhFRYq+CVCAGTugqfdlsjShdN/HMflZPnB/AC4xwpS1/2F7rX9MhiuRe4QVOTURtvw6Q==", "title"=>"Test 2", "description"=>"post path", "commit"=>"Submit Post"}
  [1m[35m (0.4ms)[0m  [1m[36mbegin transaction[0m
  [1m[35mSQL (1.3ms)[0m  [1m[32mINSERT INTO "posts" ("title", "description", "created_at", "updated_at") VALUES (?, ?, ?, ?)[0m  [["title", "Test 2"], ["description", "post path"], ["created_at", "2020-10-07 03:01:56.606499"], ["updated_at", "2020-10-07 03:01:56.606499"]]
  [1m[35m (16.5ms)[0m  [1m[36mcommit transaction[0m
Completed 500 Internal Server Error in 32ms (ActiveRecord: 18.2ms)


  
ActionController::UrlGenerationError (No route matches {:action=>"show", :controller=>"posts"} missing required keys: [:id]):
  
app/controllers/posts_controller.rb:19:in `create'
  Rendering /Users/frankraccoon/.rvm/gems/ruby-2.6.1/gems/actionpack-5.0.7.2/lib/action_dispatch/middleware/templates/rescues/diagnostics.html.erb within rescues/layout
  Rendering /Users/frankraccoon/.rvm/gems/ruby-2.6.1/gems/actionpack-5.0.7.2/lib/action_dispatch/middleware/templates/rescues/_source.html.erb
  Rendered /Users/frankraccoon/.rvm/gems/ruby-2.6.1/gems/actionpack-5.0.7.2/lib/action_dispatch/middleware/templates/rescues/_source.html.erb (7.0ms)
  Rendering /Users/frankraccoon/.rvm/gems/ruby-2.6.1/gems/actionpack-5.0.7.2/lib/action_dispatch/middleware/templates/rescues/_trace.html.erb
  Rendered /Users/frankraccoon/.rvm/gems/ruby-2.6.1/gems/actionpack-5.0.7.2/lib/action_dispatch/middleware/templates/rescues/_trace.html.erb (10.1ms)
  Rendering /Users/frankraccoon/.rvm/gems/ruby-2.6.1/gems/actionpack-5.0.7.2/lib/action_dispatch/middleware/templates/rescues/_request_and_response.html.erb
  Rendered /Users/frankraccoon/.rvm/gems/ruby-2.6.1/gems/actionpack-5.0.7.2/lib/action_dispatch/middleware/templates/rescues/_request_and_response.html.erb (7.2ms)
  Rendered /Users/frankraccoon/.rvm/gems/ruby-2.6.1/gems/actionpack-5.0.7.2/lib/action_dispatch/middleware/templates/rescues/diagnostics.html.erb within rescues/layout (127.2ms)
Started GET "/posts/new" for ::1 at 2020-10-06 23:02:28 -0400
Processing by PostsController#new as HTML
  Rendering posts/new.html.erb within layouts/application
  Rendered posts/new.html.erb within layouts/application (9.2ms)
Completed 200 OK in 179ms (Views: 104.0ms | ActiveRecord: 18.3ms)


Started POST "/posts" for ::1 at 2020-10-06 23:02:36 -0400
Processing by PostsController#create as HTML
  Parameters: {"utf8"=>"✓", "authenticity_token"=>"Y5s8A9Ci3jq4AOttbMYbdeskB127wxVZI+1cJ7fjd2IwoMvTmVIUc2+IrMgTV4flE7sCSuFtNFmxHmVlOeoCWA==", "title"=>"test 3", "description"=>"post path", "commit"=>"Submit Post"}
  [1m[35m (0.1ms)[0m  [1m[36mbegin transaction[0m
  [1m[35mSQL (0.7ms)[0m  [1m[32mINSERT INTO "posts" ("title", "description", "created_at", "updated_at") VALUES (?, ?, ?, ?)[0m  [["title", "test 3"], ["description", "post path"], ["created_at", "2020-10-07 03:02:36.054927"], ["updated_at", "2020-10-07 03:02:36.054927"]]
  [1m[35m (10.1ms)[0m  [1m[36mcommit transaction[0m
Completed 500 Internal Server Error in 22ms (ActiveRecord: 10.9ms)


  
ActionController::UrlGenerationError (No route matches {:action=>"show", :controller=>"posts", :id=>nil} missing required keys: [:id]):
  
app/controllers/posts_controller.rb:19:in `create'
  Rendering /Users/frankraccoon/.rvm/gems/ruby-2.6.1/gems/actionpack-5.0.7.2/lib/action_dispatch/middleware/templates/rescues/diagnostics.html.erb within rescues/layout
  Rendering /Users/frankraccoon/.rvm/gems/ruby-2.6.1/gems/actionpack-5.0.7.2/lib/action_dispatch/middleware/templates/rescues/_source.html.erb
  Rendered /Users/frankraccoon/.rvm/gems/ruby-2.6.1/gems/actionpack-5.0.7.2/lib/action_dispatch/middleware/templates/rescues/_source.html.erb (14.5ms)
  Rendering /Users/frankraccoon/.rvm/gems/ruby-2.6.1/gems/actionpack-5.0.7.2/lib/action_dispatch/middleware/templates/rescues/_trace.html.erb
  Rendered /Users/frankraccoon/.rvm/gems/ruby-2.6.1/gems/actionpack-5.0.7.2/lib/action_dispatch/middleware/templates/rescues/_trace.html.erb (7.6ms)
  Rendering /Users/frankraccoon/.rvm/gems/ruby-2.6.1/gems/actionpack-5.0.7.2/lib/action_dispatch/middleware/templates/rescues/_request_and_response.html.erb
  Rendered /Users/frankraccoon/.rvm/gems/ruby-2.6.1/gems/actionpack-5.0.7.2/lib/action_dispatch/middleware/templates/rescues/_request_and_response.html.erb (2.7ms)
  Rendered /Users/frankraccoon/.rvm/gems/ruby-2.6.1/gems/actionpack-5.0.7.2/lib/action_dispatch/middleware/templates/rescues/diagnostics.html.erb within rescues/layout (151.0ms)
Started POST "/posts" for ::1 at 2020-10-06 23:06:14 -0400
  [1m[36mActiveRecord::SchemaMigration Load (1.7ms)[0m  [1m[34mSELECT "schema_migrations".* FROM "schema_migrations"[0m
Processing by PostsController#create as HTML
  Parameters: {"utf8"=>"✓", "authenticity_token"=>"Y5s8A9Ci3jq4AOttbMYbdeskB127wxVZI+1cJ7fjd2IwoMvTmVIUc2+IrMgTV4flE7sCSuFtNFmxHmVlOeoCWA==", "title"=>"test4", "description"=>"test4desc", "commit"=>"Submit Post"}
  [1m[35m (0.1ms)[0m  [1m[36mbegin transaction[0m
  [1m[35mSQL (18.4ms)[0m  [1m[32mINSERT INTO "posts" ("title", "description", "created_at", "updated_at") VALUES (?, ?, ?, ?)[0m  [["title", "test4"], ["description", "test4desc"], ["created_at", "2020-10-07 03:06:15.945025"], ["updated_at", "2020-10-07 03:06:15.945025"]]
  [1m[35m (4.1ms)[0m  [1m[36mcommit transaction[0m
Completed 500 Internal Server Error in 74ms (ActiveRecord: 23.6ms)


  
ActionController::UrlGenerationError (No route matches {:action=>"show", :controller=>"posts", :id=>nil} missing required keys: [:id]):
  
app/controllers/posts_controller.rb:19:in `create'
  Rendering /Users/frankraccoon/.rvm/gems/ruby-2.6.1/gems/actionpack-5.0.7.2/lib/action_dispatch/middleware/templates/rescues/diagnostics.html.erb within rescues/layout
  Rendering /Users/frankraccoon/.rvm/gems/ruby-2.6.1/gems/actionpack-5.0.7.2/lib/action_dispatch/middleware/templates/rescues/_source.html.erb
  Rendered /Users/frankraccoon/.rvm/gems/ruby-2.6.1/gems/actionpack-5.0.7.2/lib/action_dispatch/middleware/templates/rescues/_source.html.erb (3.4ms)
  Rendering /Users/frankraccoon/.rvm/gems/ruby-2.6.1/gems/actionpack-5.0.7.2/lib/action_dispatch/middleware/templates/rescues/_trace.html.erb
  Rendered /Users/frankraccoon/.rvm/gems/ruby-2.6.1/gems/actionpack-5.0.7.2/lib/action_dispatch/middleware/templates/rescues/_trace.html.erb (1.6ms)
  Rendering /Users/frankraccoon/.rvm/gems/ruby-2.6.1/gems/actionpack-5.0.7.2/lib/action_dispatch/middleware/templates/rescues/_request_and_response.html.erb
  Rendered /Users/frankraccoon/.rvm/gems/ruby-2.6.1/gems/actionpack-5.0.7.2/lib/action_dispatch/middleware/templates/rescues/_request_and_response.html.erb (5.8ms)
  Rendered /Users/frankraccoon/.rvm/gems/ruby-2.6.1/gems/actionpack-5.0.7.2/lib/action_dispatch/middleware/templates/rescues/diagnostics.html.erb within rescues/layout (94.9ms)
Started GET "/posts/new" for ::1 at 2020-10-06 23:16:14 -0400
Processing by PostsController#new as HTML
  Rendering posts/new.html.erb within layouts/application
  Rendered posts/new.html.erb within layouts/application (18.8ms)
Completed 200 OK in 1566ms (Views: 1536.6ms | ActiveRecord: 0.0ms)


Started POST "/posts" for ::1 at 2020-10-06 23:16:24 -0400
Processing by PostsController#create as HTML
  Parameters: {"utf8"=>"✓", "authenticity_token"=>"ZeoKfBtTLAmzwATHYc54xYqCgatZu2iLm+OufoF+pjo20f2sUqPmQGRIQ2IeX+RVch2EvAMVSYsJEJc8D3fTAA==", "post"=>{"title"=>"test5", "description"=>"test5..."}, "commit"=>"Submit Post"}
  [1m[35m (0.4ms)[0m  [1m[36mbegin transaction[0m
  [1m[35mSQL (2.7ms)[0m  [1m[32mINSERT INTO "posts" ("created_at", "updated_at") VALUES (?, ?)[0m  [["created_at", "2020-10-07 03:16:24.460874"], ["updated_at", "2020-10-07 03:16:24.460874"]]
  [1m[35m (4.6ms)[0m  [1m[36mcommit transaction[0m
Completed 500 Internal Server Error in 13ms (ActiveRecord: 7.8ms)


  
ActionController::UrlGenerationError (No route matches {:action=>"show", :controller=>"posts", :id=>nil} missing required keys: [:id]):
  
app/controllers/posts_controller.rb:19:in `create'
  Rendering /Users/frankraccoon/.rvm/gems/ruby-2.6.1/gems/actionpack-5.0.7.2/lib/action_dispatch/middleware/templates/rescues/diagnostics.html.erb within rescues/layout
  Rendering /Users/frankraccoon/.rvm/gems/ruby-2.6.1/gems/actionpack-5.0.7.2/lib/action_dispatch/middleware/templates/rescues/_source.html.erb
  Rendered /Users/frankraccoon/.rvm/gems/ruby-2.6.1/gems/actionpack-5.0.7.2/lib/action_dispatch/middleware/templates/rescues/_source.html.erb (29.6ms)
  Rendering /Users/frankraccoon/.rvm/gems/ruby-2.6.1/gems/actionpack-5.0.7.2/lib/action_dispatch/middleware/templates/rescues/_trace.html.erb
  Rendered /Users/frankraccoon/.rvm/gems/ruby-2.6.1/gems/actionpack-5.0.7.2/lib/action_dispatch/middleware/templates/rescues/_trace.html.erb (2.3ms)
  Rendering /Users/frankraccoon/.rvm/gems/ruby-2.6.1/gems/actionpack-5.0.7.2/lib/action_dispatch/middleware/templates/rescues/_request_and_response.html.erb
  Rendered /Users/frankraccoon/.rvm/gems/ruby-2.6.1/gems/actionpack-5.0.7.2/lib/action_dispatch/middleware/templates/rescues/_request_and_response.html.erb (1.4ms)
  Rendered /Users/frankraccoon/.rvm/gems/ruby-2.6.1/gems/actionpack-5.0.7.2/lib/action_dispatch/middleware/templates/rescues/diagnostics.html.erb within rescues/layout (149.6ms)
Started GET "/posts/new" for ::1 at 2020-10-06 23:17:16 -0400
Processing by PostsController#new as HTML
  Rendering posts/new.html.erb within layouts/application
  Rendered posts/new.html.erb within layouts/application (4.3ms)
Completed 200 OK in 227ms (Views: 127.2ms | ActiveRecord: 3.7ms)


Started POST "/posts" for ::1 at 2020-10-06 23:17:22 -0400
Processing by PostsController#create as HTML
  Parameters: {"utf8"=>"✓", "authenticity_token"=>"3/491x80ICbW2BZS/krwGYHHS1oxeBw/rrnnmTqkn0mMxcoHVsTqbwFQUfeB22yJeVhOTWvWPT88St7btK3qcw==", "post"=>{"title"=>"dfasf", "description"=>"sagsdhdsh"}, "commit"=>"Submit Post"}
  [1m[35m (0.2ms)[0m  [1m[36mbegin transaction[0m
  [1m[35mSQL (5.6ms)[0m  [1m[32mINSERT INTO "posts" ("created_at", "updated_at") VALUES (?, ?)[0m  [["created_at", "2020-10-07 03:17:22.525004"], ["updated_at", "2020-10-07 03:17:22.525004"]]
  [1m[35m (47.8ms)[0m  [1m[36mcommit transaction[0m
Redirected to http://localhost:3000/posts
Completed 302 Found in 72ms (ActiveRecord: 53.6ms)


Started GET "/posts" for ::1 at 2020-10-06 23:17:22 -0400
Processing by PostsController#index as HTML
  Rendering posts/index.html.erb within layouts/application
  [1m[36mPost Load (0.4ms)[0m  [1m[34mSELECT "posts".* FROM "posts"[0m
  Rendered posts/index.html.erb within layouts/application (3.5ms)
Completed 200 OK in 102ms (Views: 96.9ms | ActiveRecord: 0.4ms)


Started GET "/posts/new" for ::1 at 2020-10-06 23:20:15 -0400
Processing by PostsController#new as HTML
  Rendering posts/new.html.erb within layouts/application
  Rendered posts/new.html.erb within layouts/application (44.0ms)
Completed 200 OK in 181ms (Views: 165.8ms | ActiveRecord: 0.0ms)


Started POST "/posts" for ::1 at 2020-10-06 23:20:23 -0400
Processing by PostsController#create as HTML
  Parameters: {"utf8"=>"✓", "authenticity_token"=>"QRiupN1HriE543jn7QbbxQFEgoRMMorWqyJU18Ze8Z4SI1l0lLdkaO5rP0KSl0dV+duHkxacq9Y50W2VSFeEpA==", "title"=>"dslkjfasljdf", "description"=>"slkfgjsldjkfg", "commit"=>"Submit Post"}
  [1m[35m (1.9ms)[0m  [1m[36mbegin transaction[0m
  [1m[35mSQL (8.7ms)[0m  [1m[32mINSERT INTO "posts" ("title", "description", "created_at", "updated_at") VALUES (?, ?, ?, ?)[0m  [["title", "dslkjfasljdf"], ["description", "slkfgjsldjkfg"], ["created_at", "2020-10-07 03:20:23.534536"], ["updated_at", "2020-10-07 03:20:23.534536"]]
  [1m[35m (15.0ms)[0m  [1m[36mcommit transaction[0m
Redirected to http://localhost:3000/posts
Completed 302 Found in 51ms (ActiveRecord: 25.5ms)


Started GET "/posts" for ::1 at 2020-10-06 23:20:23 -0400
Processing by PostsController#index as HTML
  Rendering posts/index.html.erb within layouts/application
  [1m[36mPost Load (0.4ms)[0m  [1m[34mSELECT "posts".* FROM "posts"[0m
  Rendered posts/index.html.erb within layouts/application (9.2ms)
Completed 200 OK in 123ms (Views: 114.8ms | ActiveRecord: 0.4ms)


